e:\google_drive_2\2022-2\graficosencomputacion\code\terceraclase\terceraclase\x64\debug\vc143.pdb
e:\google_drive_2\2022-2\graficosencomputacion\code\terceraclase\terceraclase\x64\debug\vc143.idb
e:\google_drive_2\2022-2\graficosencomputacion\code\terceraclase\terceraclase\x64\debug\source.obj
e:\google_drive_2\2022-2\graficosencomputacion\code\terceraclase\terceraclase\x64\debug\source2.obj
z:\google_drive_2\2022-2\graficosencomputacion\code\computer_graphics_arts\pokeball\terceraclase\x64\debug\vc143.pdb
z:\google_drive_2\2022-2\graficosencomputacion\code\computer_graphics_arts\pokeball\terceraclase\x64\debug\vc143.idb
z:\google_drive_2\2022-2\graficosencomputacion\code\computer_graphics_arts\pokeball\terceraclase\x64\debug\source.obj
e:\google_drive_2\2022-2\graficosencomputacion\code\terceraclase\x64\debug\terceraclase.exe
e:\google_drive_2\2022-2\graficosencomputacion\code\terceraclase\terceraclase\x64\debug\terceraclase.ilk
e:\google_drive_2\2022-2\graficosencomputacion\code\terceraclase\x64\debug\terceraclase.pdb
z:\google_drive_2\2022-2\graficosencomputacion\code\computer_graphics_arts\pokeball\terceraclase\x64\debug\source2.obj
z:\google_drive_2\2022-2\graficosencomputacion\code\computer_graphics_arts\pokeball\x64\debug\terceraclase.pdb
z:\google_drive_2\2022-2\graficosencomputacion\code\computer_graphics_arts\pokeball\terceraclase\x64\debug\terceraclase.tlog\cl.command.1.tlog
z:\google_drive_2\2022-2\graficosencomputacion\code\computer_graphics_arts\pokeball\terceraclase\x64\debug\terceraclase.tlog\cl.read.1.tlog
z:\google_drive_2\2022-2\graficosencomputacion\code\computer_graphics_arts\pokeball\terceraclase\x64\debug\terceraclase.tlog\cl.write.1.tlog
z:\google_drive_2\2022-2\graficosencomputacion\code\computer_graphics_arts\pokeball\terceraclase\x64\debug\terceraclase.tlog\link-cvtres.read.1.tlog
z:\google_drive_2\2022-2\graficosencomputacion\code\computer_graphics_arts\pokeball\terceraclase\x64\debug\terceraclase.tlog\link-cvtres.write.1.tlog
z:\google_drive_2\2022-2\graficosencomputacion\code\computer_graphics_arts\pokeball\terceraclase\x64\debug\terceraclase.tlog\link-rc.read.1.tlog
z:\google_drive_2\2022-2\graficosencomputacion\code\computer_graphics_arts\pokeball\terceraclase\x64\debug\terceraclase.tlog\link-rc.write.1.tlog
z:\google_drive_2\2022-2\graficosencomputacion\code\computer_graphics_arts\pokeball\terceraclase\x64\debug\terceraclase.tlog\link.command.1.tlog
z:\google_drive_2\2022-2\graficosencomputacion\code\computer_graphics_arts\pokeball\terceraclase\x64\debug\terceraclase.tlog\link.read.1.tlog
z:\google_drive_2\2022-2\graficosencomputacion\code\computer_graphics_arts\pokeball\terceraclase\x64\debug\terceraclase.tlog\link.read.2.tlog
z:\google_drive_2\2022-2\graficosencomputacion\code\computer_graphics_arts\pokeball\terceraclase\x64\debug\terceraclase.tlog\link.write.1.tlog
