  Source.cpp
Z:\Google_Drive_2\2022-2\GraficosEnComputacion\Code\Computer_Graphics_Arts\pokeball\TerceraClase\Source.cpp(34,14): warning C4244: '=': conversion from 'double' to 'float', possible loss of data
Z:\Google_Drive_2\2022-2\GraficosEnComputacion\Code\Computer_Graphics_Arts\pokeball\TerceraClase\Source.cpp(35,14): warning C4244: '=': conversion from 'double' to 'float', possible loss of data
Z:\Google_Drive_2\2022-2\GraficosEnComputacion\Code\Computer_Graphics_Arts\pokeball\TerceraClase\Source.cpp(42,14): warning C4244: '=': conversion from 'double' to 'float', possible loss of data
Z:\Google_Drive_2\2022-2\GraficosEnComputacion\Code\Computer_Graphics_Arts\pokeball\TerceraClase\Source.cpp(43,14): warning C4244: '=': conversion from 'double' to 'float', possible loss of data
Z:\Google_Drive_2\2022-2\GraficosEnComputacion\Code\Computer_Graphics_Arts\pokeball\TerceraClase\Source.cpp(55,14): warning C4244: '=': conversion from 'double' to 'float', possible loss of data
Z:\Google_Drive_2\2022-2\GraficosEnComputacion\Code\Computer_Graphics_Arts\pokeball\TerceraClase\Source.cpp(56,14): warning C4244: '=': conversion from 'double' to 'float', possible loss of data
Z:\Google_Drive_2\2022-2\GraficosEnComputacion\Code\Computer_Graphics_Arts\pokeball\TerceraClase\Source.cpp(65,14): warning C4244: '=': conversion from 'double' to 'float', possible loss of data
Z:\Google_Drive_2\2022-2\GraficosEnComputacion\Code\Computer_Graphics_Arts\pokeball\TerceraClase\Source.cpp(66,14): warning C4244: '=': conversion from 'double' to 'float', possible loss of data
Z:\Google_Drive_2\2022-2\GraficosEnComputacion\Code\Computer_Graphics_Arts\pokeball\TerceraClase\Source.cpp(75,14): warning C4244: '=': conversion from 'double' to 'float', possible loss of data
Z:\Google_Drive_2\2022-2\GraficosEnComputacion\Code\Computer_Graphics_Arts\pokeball\TerceraClase\Source.cpp(76,14): warning C4244: '=': conversion from 'double' to 'float', possible loss of data
Z:\Google_Drive_2\2022-2\GraficosEnComputacion\Code\Computer_Graphics_Arts\pokeball\TerceraClase\Source.cpp(85,19): warning C4305: 'initializing': truncation from 'double' to 'float'
Z:\Google_Drive_2\2022-2\GraficosEnComputacion\Code\Computer_Graphics_Arts\pokeball\TerceraClase\Source.cpp(90,14): warning C4244: '=': conversion from 'double' to 'float', possible loss of data
Z:\Google_Drive_2\2022-2\GraficosEnComputacion\Code\Computer_Graphics_Arts\pokeball\TerceraClase\Source.cpp(91,14): warning C4244: '=': conversion from 'double' to 'float', possible loss of data
Z:\Google_Drive_2\2022-2\GraficosEnComputacion\Code\Computer_Graphics_Arts\pokeball\TerceraClase\Source.cpp(102,20): warning C4305: 'argument': truncation from 'double' to 'GLfloat'
Z:\Google_Drive_2\2022-2\GraficosEnComputacion\Code\Computer_Graphics_Arts\pokeball\TerceraClase\Source.cpp(103,19): warning C4305: 'argument': truncation from 'double' to 'GLfloat'
Z:\Google_Drive_2\2022-2\GraficosEnComputacion\Code\Computer_Graphics_Arts\pokeball\TerceraClase\Source.cpp(109,21): warning C4305: 'argument': truncation from 'double' to 'GLfloat'
Z:\Google_Drive_2\2022-2\GraficosEnComputacion\Code\Computer_Graphics_Arts\pokeball\TerceraClase\Source.cpp(110,21): warning C4305: 'argument': truncation from 'double' to 'GLfloat'
Z:\Google_Drive_2\2022-2\GraficosEnComputacion\Code\Computer_Graphics_Arts\pokeball\TerceraClase\Source.cpp(153,36): warning C4244: 'argument': conversion from 'double' to 'int', possible loss of data
Z:\Google_Drive_2\2022-2\GraficosEnComputacion\Code\Computer_Graphics_Arts\pokeball\TerceraClase\Source.cpp(153,25): warning C4244: 'argument': conversion from 'double' to 'int', possible loss of data
  TerceraClase.vcxproj -> Z:\Google_Drive_2\2022-2\GraficosEnComputacion\Code\Computer_Graphics_Arts\pokeball\x64\Debug\TerceraClase.exe
