z:\google_drive_2\2022-2\graficosencomputacion\code\terceraclase\terceraclasepokeball\x64\debug\vc143.pdb
z:\google_drive_2\2022-2\graficosencomputacion\code\terceraclase\terceraclasepokeball\x64\debug\vc143.idb
z:\google_drive_2\2022-2\graficosencomputacion\code\terceraclase\terceraclasepokeball\x64\debug\pokeball.obj
z:\google_drive_2\2022-2\graficosencomputacion\code\computer_graphics_arts\terceraclase\terceraclasepokeball\x64\debug\vc143.pdb
z:\google_drive_2\2022-2\graficosencomputacion\code\computer_graphics_arts\terceraclase\terceraclasepokeball\x64\debug\vc143.idb
z:\google_drive_2\2022-2\graficosencomputacion\code\computer_graphics_arts\terceraclase\terceraclasepokeball\x64\debug\pokeball.obj
z:\google_drive_2\2022-2\graficosencomputacion\code\computer_graphics_arts\pokeball\terceraclasepokeball\x64\debug\vc143.pdb
z:\google_drive_2\2022-2\graficosencomputacion\code\computer_graphics_arts\pokeball\terceraclasepokeball\x64\debug\vc143.idb
z:\google_drive_2\2022-2\graficosencomputacion\code\computer_graphics_arts\pokeball\terceraclasepokeball\x64\debug\pokeball.obj
z:\google_drive_2\2022-2\graficosencomputacion\code\terceraclase\x64\debug\terceraclasepokeball.exe
z:\google_drive_2\2022-2\graficosencomputacion\code\terceraclase\terceraclasepokeball\x64\debug\terceraclasepokeball.ilk
z:\google_drive_2\2022-2\graficosencomputacion\code\terceraclase\x64\debug\terceraclasepokeball.pdb
z:\google_drive_2\2022-2\graficosencomputacion\code\computer_graphics_arts\terceraclase\x64\debug\terceraclasepokeball.exe
z:\google_drive_2\2022-2\graficosencomputacion\code\computer_graphics_arts\terceraclase\terceraclasepokeball\x64\debug\terceraclasepokeball.ilk
z:\google_drive_2\2022-2\graficosencomputacion\code\computer_graphics_arts\terceraclase\x64\debug\terceraclasepokeball.pdb
z:\google_drive_2\2022-2\graficosencomputacion\code\computer_graphics_arts\pokeball\x64\debug\terceraclasepokeball.exe
z:\google_drive_2\2022-2\graficosencomputacion\code\computer_graphics_arts\pokeball\terceraclasepokeball\x64\debug\terceraclasepokeball.ilk
z:\google_drive_2\2022-2\graficosencomputacion\code\computer_graphics_arts\pokeball\x64\debug\terceraclasepokeball.pdb
z:\google_drive_2\2022-2\graficosencomputacion\code\computer_graphics_arts\pokeball\terceraclasepokeball\x64\debug\tercerac.5b2a30b3.tlog\cl.command.1.tlog
z:\google_drive_2\2022-2\graficosencomputacion\code\computer_graphics_arts\pokeball\terceraclasepokeball\x64\debug\tercerac.5b2a30b3.tlog\cl.read.1.tlog
z:\google_drive_2\2022-2\graficosencomputacion\code\computer_graphics_arts\pokeball\terceraclasepokeball\x64\debug\tercerac.5b2a30b3.tlog\cl.write.1.tlog
z:\google_drive_2\2022-2\graficosencomputacion\code\computer_graphics_arts\pokeball\terceraclasepokeball\x64\debug\tercerac.5b2a30b3.tlog\link.command.1.tlog
z:\google_drive_2\2022-2\graficosencomputacion\code\computer_graphics_arts\pokeball\terceraclasepokeball\x64\debug\tercerac.5b2a30b3.tlog\link.read.1.tlog
z:\google_drive_2\2022-2\graficosencomputacion\code\computer_graphics_arts\pokeball\terceraclasepokeball\x64\debug\tercerac.5b2a30b3.tlog\link.write.1.tlog
